<?xml version='1.0' encoding='UTF-8'?>
<testsuite hostname="CatsHouse" name="example.HelloSpec" tests="3" errors="0" failures="0" skipped="0" time="4.714" timestamp="2020-05-23T17:21:32">
                     <properties>
[...]
</properties>
                     <testcase classname="example.HelloSpec" name="txt" time="0.018">
                                                 
                                               </testcase><testcase classname="example.HelloSpec" name="parseTime should return Tuple of hours and minutes" time="0.075">
                                                 
                                               </testcase><testcase classname="example.HelloSpec" name="interactive set should correct set input values to ConfigData" time="4.621">
                                                 
                                               </testcase>
                     <system-out><![CDATA[]]></system-out>
                     <system-err><![CDATA[]]></system-err>
                   </testsuite>